<?xml version="1.0" encoding="UTF-8"?>
<!-- Generated by org.testng.reporters.JUnitReportReporter -->
<testsuite hostname="DESKTOP-85PDU80" failures="0" tests="3" name="Demo.TrelloAPI" time="21.061" errors="0" timestamp="2023-05-16T11:06:34 IST" skipped="0">
  <testcase classname="Demo.TrelloAPI" name="CreateABoard" time="17.824"/>
  <system-out/>
  <testcase classname="Demo.TrelloAPI" name="UpdateABoard" time="1.328"/>
  <system-out/>
  <testcase classname="Demo.TrelloAPI" name="DeleteABoard" time="1.909"/>
  <system-out/>
</testsuite> <!-- Demo.TrelloAPI -->
